[07-03-2016 02:09:17] PayPal\Core\PayPalHttpConnection: INFO	: POST https://api.sandbox.paypal.com/v1/oauth2/token
[07-03-2016 02:09:19] PayPal\Core\PayPalHttpConnection: INFO	: Response Status 	: 200
[07-03-2016 02:09:19] PayPal\Core\PayPalHttpConnection: INFO	: POST https://api.sandbox.paypal.com/v1/payments/payment
[07-03-2016 02:09:23] PayPal\Core\PayPalHttpConnection: INFO	: Response Status 	: 201
[08-03-2016 06:00:57] PayPal\Core\PayPalHttpConnection: INFO	: POST https://api.sandbox.paypal.com/v1/oauth2/token
[08-03-2016 06:00:59] PayPal\Core\PayPalHttpConnection: INFO	: Response Status 	: 200
[08-03-2016 06:00:59] PayPal\Core\PayPalHttpConnection: INFO	: POST https://api.sandbox.paypal.com/v1/payments/payment
[08-03-2016 06:01:05] PayPal\Core\PayPalHttpConnection: INFO	: Response Status 	: 201
[08-03-2016 06:24:16] PayPal\Core\PayPalHttpConnection: INFO	: POST https://api.sandbox.paypal.com/v1/oauth2/token
[08-03-2016 06:24:18] PayPal\Core\PayPalHttpConnection: INFO	: Response Status 	: 200
[08-03-2016 06:24:18] PayPal\Core\PayPalHttpConnection: INFO	: POST https://api.sandbox.paypal.com/v1/payments/payment
[08-03-2016 06:24:24] PayPal\Core\PayPalHttpConnection: INFO	: Response Status 	: 201
[08-03-2016 06:28:43] PayPal\Core\PayPalHttpConnection: INFO	: POST https://api.sandbox.paypal.com/v1/oauth2/token
[08-03-2016 06:28:44] PayPal\Core\PayPalHttpConnection: INFO	: Response Status 	: 200
[08-03-2016 06:28:44] PayPal\Core\PayPalHttpConnection: INFO	: POST https://api.sandbox.paypal.com/v1/payments/payment
[08-03-2016 06:28:49] PayPal\Core\PayPalHttpConnection: INFO	: Response Status 	: 201
[08-03-2016 06:31:53] PayPal\Core\PayPalHttpConnection: INFO	: POST https://api.sandbox.paypal.com/v1/oauth2/token
[08-03-2016 06:31:54] PayPal\Core\PayPalHttpConnection: INFO	: Response Status 	: 200
[08-03-2016 06:31:54] PayPal\Core\PayPalHttpConnection: INFO	: POST https://api.sandbox.paypal.com/v1/payments/payment
[08-03-2016 06:31:59] PayPal\Core\PayPalHttpConnection: INFO	: Response Status 	: 201
[08-03-2016 06:43:57] PayPal\Core\PayPalHttpConnection: INFO	: POST https://api.sandbox.paypal.com/v1/oauth2/token
[08-03-2016 06:43:59] PayPal\Core\PayPalHttpConnection: INFO	: Response Status 	: 200
[08-03-2016 06:43:59] PayPal\Core\PayPalHttpConnection: INFO	: GET https://api.sandbox.paypal.com/v1/payments/payment?count=1&start_index=0
[08-03-2016 06:44:00] PayPal\Core\PayPalHttpConnection: INFO	: Response Status 	: 200
[08-03-2016 06:44:28] PayPal\Core\PayPalHttpConnection: INFO	: POST https://api.sandbox.paypal.com/v1/oauth2/token
[08-03-2016 06:44:29] PayPal\Core\PayPalHttpConnection: INFO	: Response Status 	: 200
[08-03-2016 06:44:29] PayPal\Core\PayPalHttpConnection: INFO	: GET https://api.sandbox.paypal.com/v1/payments/payment?count=1&start_index=0
[08-03-2016 06:44:30] PayPal\Core\PayPalHttpConnection: INFO	: Response Status 	: 200
[08-03-2016 06:44:54] PayPal\Core\PayPalHttpConnection: INFO	: POST https://api.sandbox.paypal.com/v1/oauth2/token
[08-03-2016 06:44:55] PayPal\Core\PayPalHttpConnection: INFO	: Response Status 	: 200
[08-03-2016 06:44:55] PayPal\Core\PayPalHttpConnection: INFO	: GET https://api.sandbox.paypal.com/v1/payments/payment?count=1&start_index=0
[08-03-2016 06:44:56] PayPal\Core\PayPalHttpConnection: INFO	: Response Status 	: 200
[08-03-2016 08:06:24] PayPal\Core\PayPalHttpConnection: INFO	: POST https://api.sandbox.paypal.com/v1/oauth2/token
[08-03-2016 08:06:26] PayPal\Core\PayPalHttpConnection: INFO	: Response Status 	: 200
[08-03-2016 08:06:26] PayPal\Core\PayPalHttpConnection: INFO	: POST https://api.sandbox.paypal.com/v1/payments/payment
[08-03-2016 08:06:27] PayPal\Core\PayPalHttpConnection: INFO	: Response Status 	: 400
[08-03-2016 08:06:27] PayPal\Core\PayPalHttpConnection: ERROR	: Got Http response code 400 when accessing https://api.sandbox.paypal.com/v1/payments/payment. {"name":"VALIDATION_ERROR","details":[{"field":"payer","issue":"payer_info is mandatory for guest transactions"}],"message":"Invalid request - see details","information_link":"https://developer.paypal.com/docs/api/#VALIDATION_ERROR","debug_id":"3a1367532bb59"}
[09-03-2016 06:04:53] PayPal\Core\PayPalHttpConnection: INFO	: POST https://api.sandbox.paypal.com/v1/oauth2/token
[09-03-2016 06:04:56] PayPal\Core\PayPalHttpConnection: INFO	: Response Status 	: 200
[09-03-2016 06:04:56] PayPal\Core\PayPalHttpConnection: INFO	: POST https://api.sandbox.paypal.com/v1/payments/payment
[09-03-2016 06:04:57] PayPal\Core\PayPalHttpConnection: INFO	: Response Status 	: 400
[09-03-2016 06:04:57] PayPal\Core\PayPalHttpConnection: ERROR	: Got Http response code 400 when accessing https://api.sandbox.paypal.com/v1/payments/payment. {"name":"VALIDATION_ERROR","details":[{"field":"payer","issue":"payer_info is mandatory for guest transactions"}],"message":"Invalid request - see details","information_link":"https://developer.paypal.com/docs/api/#VALIDATION_ERROR","debug_id":"2289720281b0c"}
[09-03-2016 06:05:47] PayPal\Core\PayPalHttpConnection: INFO	: POST https://api.sandbox.paypal.com/v1/oauth2/token
[09-03-2016 06:05:48] PayPal\Core\PayPalHttpConnection: INFO	: Response Status 	: 200
[09-03-2016 06:05:49] PayPal\Core\PayPalHttpConnection: INFO	: POST https://api.sandbox.paypal.com/v1/payments/payment
[09-03-2016 06:05:54] PayPal\Core\PayPalHttpConnection: INFO	: Response Status 	: 201
[28-03-2016 05:46:27] PayPal\Core\PayPalHttpConnection: INFO	: POST https://api.sandbox.paypal.com/v1/oauth2/token
[28-03-2016 05:46:30] PayPal\Core\PayPalHttpConnection: INFO	: Response Status 	: 200
[28-03-2016 05:46:30] PayPal\Core\PayPalHttpConnection: INFO	: POST https://api.sandbox.paypal.com/v1/payments/payment
[28-03-2016 05:46:38] PayPal\Core\PayPalHttpConnection: INFO	: Response Status 	: 201
[28-03-2016 05:50:36] PayPal\Core\PayPalHttpConnection: INFO	: POST https://api.sandbox.paypal.com/v1/oauth2/token
[28-03-2016 05:50:37] PayPal\Core\PayPalHttpConnection: INFO	: Response Status 	: 200
[28-03-2016 05:50:37] PayPal\Core\PayPalHttpConnection: INFO	: POST https://api.sandbox.paypal.com/v1/payments/payment
[28-03-2016 05:50:38] PayPal\Core\PayPalHttpConnection: INFO	: Response Status 	: 400
[28-03-2016 05:50:38] PayPal\Core\PayPalHttpConnection: ERROR	: Got Http response code 400 when accessing https://api.sandbox.paypal.com/v1/payments/payment. {"name":"VALIDATION_ERROR","details":[{"field":"redirect_urls","issue":"This field required when payment_method is 'paypal'"}],"message":"Invalid request - see details","information_link":"https://developer.paypal.com/docs/api/#VALIDATION_ERROR","debug_id":"1ae77bcdc9b58"}
[28-03-2016 06:01:50] PayPal\Core\PayPalHttpConnection: INFO	: POST https://api.sandbox.paypal.com/v1/oauth2/token
[28-03-2016 06:01:52] PayPal\Core\PayPalHttpConnection: INFO	: Response Status 	: 200
[28-03-2016 06:01:52] PayPal\Core\PayPalHttpConnection: INFO	: POST https://api.sandbox.paypal.com/v1/payments/payment
[28-03-2016 06:01:53] PayPal\Core\PayPalHttpConnection: INFO	: Response Status 	: 400
[28-03-2016 06:01:53] PayPal\Core\PayPalHttpConnection: ERROR	: Got Http response code 400 when accessing https://api.sandbox.paypal.com/v1/payments/payment. {"name":"VALIDATION_ERROR","details":[{"field":"redirect_urls","issue":"This field required when payment_method is 'paypal'"}],"message":"Invalid request - see details","information_link":"https://developer.paypal.com/docs/api/#VALIDATION_ERROR","debug_id":"5c83c6327c798"}
[28-03-2016 06:03:32] PayPal\Core\PayPalHttpConnection: INFO	: POST https://api.sandbox.paypal.com/v1/oauth2/token
[28-03-2016 06:03:33] PayPal\Core\PayPalHttpConnection: INFO	: Response Status 	: 200
[28-03-2016 06:03:33] PayPal\Core\PayPalHttpConnection: INFO	: POST https://api.sandbox.paypal.com/v1/payments/payment
[28-03-2016 06:03:34] PayPal\Core\PayPalHttpConnection: INFO	: Response Status 	: 400
[28-03-2016 06:03:34] PayPal\Core\PayPalHttpConnection: ERROR	: Got Http response code 400 when accessing https://api.sandbox.paypal.com/v1/payments/payment. {"name":"VALIDATION_ERROR","details":[{"field":"redirect_urls","issue":"This field required when payment_method is 'paypal'"}],"message":"Invalid request - see details","information_link":"https://developer.paypal.com/docs/api/#VALIDATION_ERROR","debug_id":"64285e5fe70eb"}
[28-03-2016 06:06:56] PayPal\Core\PayPalHttpConnection: INFO	: POST https://api.sandbox.paypal.com/v1/oauth2/token
[28-03-2016 06:06:57] PayPal\Core\PayPalHttpConnection: INFO	: Response Status 	: 200
[28-03-2016 06:06:57] PayPal\Core\PayPalHttpConnection: INFO	: POST https://api.sandbox.paypal.com/v1/payments/payment
[28-03-2016 06:06:58] PayPal\Core\PayPalHttpConnection: INFO	: Response Status 	: 400
[28-03-2016 06:06:58] PayPal\Core\PayPalHttpConnection: ERROR	: Got Http response code 400 when accessing https://api.sandbox.paypal.com/v1/payments/payment. {"name":"VALIDATION_ERROR","details":[{"field":"transactions[0]","issue":"Item amount must add up to specified amount subtotal (or total if amount details not specified)"},{"field":"redirect_urls","issue":"This field required when payment_method is 'paypal'"}],"message":"Invalid request - see details","information_link":"https://developer.paypal.com/docs/api/#VALIDATION_ERROR","debug_id":"86593de254936"}
[28-03-2016 06:10:53] PayPal\Core\PayPalHttpConnection: INFO	: POST https://api.sandbox.paypal.com/v1/oauth2/token
[28-03-2016 06:10:54] PayPal\Core\PayPalHttpConnection: INFO	: Response Status 	: 200
[28-03-2016 06:10:54] PayPal\Core\PayPalHttpConnection: INFO	: POST https://api.sandbox.paypal.com/v1/payments/payment
[28-03-2016 06:10:55] PayPal\Core\PayPalHttpConnection: INFO	: Response Status 	: 400
[28-03-2016 06:10:55] PayPal\Core\PayPalHttpConnection: ERROR	: Got Http response code 400 when accessing https://api.sandbox.paypal.com/v1/payments/payment. {"name":"VALIDATION_ERROR","details":[{"field":"redirect_urls","issue":"This field required when payment_method is 'paypal'"}],"message":"Invalid request - see details","information_link":"https://developer.paypal.com/docs/api/#VALIDATION_ERROR","debug_id":"b58107e03b998"}
[28-03-2016 06:12:11] PayPal\Core\PayPalHttpConnection: INFO	: POST https://api.sandbox.paypal.com/v1/oauth2/token
[28-03-2016 06:12:12] PayPal\Core\PayPalHttpConnection: INFO	: Response Status 	: 200
[28-03-2016 06:12:12] PayPal\Core\PayPalHttpConnection: INFO	: POST https://api.sandbox.paypal.com/v1/payments/payment
[28-03-2016 06:12:14] PayPal\Core\PayPalHttpConnection: INFO	: Response Status 	: 201
[28-03-2016 06:16:11] PayPal\Core\PayPalHttpConnection: INFO	: POST https://api.sandbox.paypal.com/v1/oauth2/token
[28-03-2016 06:16:13] PayPal\Core\PayPalHttpConnection: INFO	: Response Status 	: 200
[28-03-2016 06:16:13] PayPal\Core\PayPalHttpConnection: INFO	: POST https://api.sandbox.paypal.com/v1/payments/payment
[28-03-2016 06:16:14] PayPal\Core\PayPalHttpConnection: INFO	: Response Status 	: 400
[28-03-2016 06:16:14] PayPal\Core\PayPalHttpConnection: ERROR	: Got Http response code 400 when accessing https://api.sandbox.paypal.com/v1/payments/payment. {"name":"VALIDATION_ERROR","details":[{"field":"transactions[0]","issue":"Item amount must add up to specified amount subtotal (or total if amount details not specified)"}],"message":"Invalid request - see details","information_link":"https://developer.paypal.com/docs/api/#VALIDATION_ERROR","debug_id":"16e45532cd02c"}
[28-03-2016 06:17:40] PayPal\Core\PayPalHttpConnection: INFO	: POST https://api.sandbox.paypal.com/v1/oauth2/token
[28-03-2016 06:17:41] PayPal\Core\PayPalHttpConnection: INFO	: Response Status 	: 200
[28-03-2016 06:17:41] PayPal\Core\PayPalHttpConnection: INFO	: POST https://api.sandbox.paypal.com/v1/payments/payment
[28-03-2016 06:17:43] PayPal\Core\PayPalHttpConnection: INFO	: Response Status 	: 201
[28-03-2016 06:25:46] PayPal\Core\PayPalHttpConnection: INFO	: POST https://api.sandbox.paypal.com/v1/oauth2/token
[28-03-2016 06:25:48] PayPal\Core\PayPalHttpConnection: INFO	: Response Status 	: 200
[28-03-2016 06:25:48] PayPal\Core\PayPalHttpConnection: INFO	: POST https://api.sandbox.paypal.com/v1/payments/payment
[28-03-2016 06:25:50] PayPal\Core\PayPalHttpConnection: INFO	: Response Status 	: 201
[28-03-2016 06:59:34] PayPal\Core\PayPalHttpConnection: INFO	: POST https://api.sandbox.paypal.com/v1/oauth2/token
[28-03-2016 06:59:35] PayPal\Core\PayPalHttpConnection: INFO	: Response Status 	: 200
[28-03-2016 06:59:35] PayPal\Core\PayPalHttpConnection: INFO	: GET https://api.sandbox.paypal.com/v1/payments/payment?count=1&start_index=0
[28-03-2016 06:59:38] PayPal\Core\PayPalHttpConnection: INFO	: Response Status 	: 200
[28-03-2016 11:55:13] PayPal\Core\PayPalHttpConnection: INFO	: POST https://api.sandbox.paypal.com/v1/oauth2/token
[28-03-2016 11:55:15] PayPal\Core\PayPalHttpConnection: INFO	: Response Status 	: 200
[28-03-2016 11:55:15] PayPal\Core\PayPalHttpConnection: INFO	: POST https://api.sandbox.paypal.com/v1/payments/payment
[28-03-2016 11:55:16] PayPal\Core\PayPalHttpConnection: INFO	: Response Status 	: 201
[28-03-2016 12:10:37] PayPal\Core\PayPalHttpConnection: INFO	: POST https://api.sandbox.paypal.com/v1/oauth2/token
[28-03-2016 12:10:39] PayPal\Core\PayPalHttpConnection: INFO	: Response Status 	: 200
[28-03-2016 12:10:39] PayPal\Core\PayPalHttpConnection: INFO	: POST https://api.sandbox.paypal.com/v1/payments/payment
[28-03-2016 12:10:40] PayPal\Core\PayPalHttpConnection: INFO	: Response Status 	: 201
[28-03-2016 12:22:08] PayPal\Core\PayPalHttpConnection: INFO	: POST https://api.sandbox.paypal.com/v1/oauth2/token
[28-03-2016 12:22:09] PayPal\Core\PayPalHttpConnection: INFO	: Response Status 	: 200
[28-03-2016 12:22:09] PayPal\Core\PayPalHttpConnection: INFO	: POST https://api.sandbox.paypal.com/v1/payments/payment
[28-03-2016 12:22:11] PayPal\Core\PayPalHttpConnection: INFO	: Response Status 	: 201
[28-03-2016 12:24:06] PayPal\Core\PayPalHttpConnection: INFO	: POST https://api.sandbox.paypal.com/v1/oauth2/token
[28-03-2016 12:24:07] PayPal\Core\PayPalHttpConnection: INFO	: Response Status 	: 200
[28-03-2016 12:24:07] PayPal\Core\PayPalHttpConnection: INFO	: GET https://api.sandbox.paypal.com/v1/payments/payment?count=1&start_index=0
[28-03-2016 12:24:09] PayPal\Core\PayPalHttpConnection: INFO	: Response Status 	: 200
[28-03-2016 12:27:44] PayPal\Core\PayPalHttpConnection: INFO	: POST https://api.sandbox.paypal.com/v1/oauth2/token
[28-03-2016 12:27:45] PayPal\Core\PayPalHttpConnection: INFO	: Response Status 	: 200
[28-03-2016 12:27:45] PayPal\Core\PayPalHttpConnection: INFO	: GET https://api.sandbox.paypal.com/v1/payments/payment?count=1&start_index=0
[28-03-2016 12:27:47] PayPal\Core\PayPalHttpConnection: INFO	: Response Status 	: 200
[28-03-2016 12:28:08] PayPal\Core\PayPalHttpConnection: INFO	: POST https://api.sandbox.paypal.com/v1/oauth2/token
[28-03-2016 12:28:09] PayPal\Core\PayPalHttpConnection: INFO	: Response Status 	: 200
[28-03-2016 12:28:09] PayPal\Core\PayPalHttpConnection: INFO	: GET https://api.sandbox.paypal.com/v1/payments/payment?count=1&start_index=0
[28-03-2016 12:28:11] PayPal\Core\PayPalHttpConnection: INFO	: Response Status 	: 200
[28-03-2016 12:30:29] PayPal\Core\PayPalHttpConnection: INFO	: POST https://api.sandbox.paypal.com/v1/oauth2/token
[28-03-2016 12:30:30] PayPal\Core\PayPalHttpConnection: INFO	: Response Status 	: 200
[28-03-2016 12:30:30] PayPal\Core\PayPalHttpConnection: INFO	: GET https://api.sandbox.paypal.com/v1/payments/payment?count=1&start_index=0
[28-03-2016 12:30:32] PayPal\Core\PayPalHttpConnection: INFO	: Response Status 	: 200
[28-03-2016 12:36:07] PayPal\Core\PayPalHttpConnection: INFO	: POST https://api.sandbox.paypal.com/v1/oauth2/token
[28-03-2016 12:36:09] PayPal\Core\PayPalHttpConnection: INFO	: Response Status 	: 200
[28-03-2016 12:36:09] PayPal\Core\PayPalHttpConnection: INFO	: POST https://api.sandbox.paypal.com/v1/payments/payment
[28-03-2016 12:36:11] PayPal\Core\PayPalHttpConnection: INFO	: Response Status 	: 201
[28-03-2016 12:37:00] PayPal\Core\PayPalHttpConnection: INFO	: POST https://api.sandbox.paypal.com/v1/oauth2/token
[28-03-2016 12:37:01] PayPal\Core\PayPalHttpConnection: INFO	: Response Status 	: 200
[28-03-2016 12:37:01] PayPal\Core\PayPalHttpConnection: INFO	: GET https://api.sandbox.paypal.com/v1/payments/payment?count=1&start_index=0
[28-03-2016 12:37:03] PayPal\Core\PayPalHttpConnection: INFO	: Response Status 	: 200
[28-03-2016 12:39:35] PayPal\Core\PayPalHttpConnection: INFO	: POST https://api.sandbox.paypal.com/v1/oauth2/token
[28-03-2016 12:39:36] PayPal\Core\PayPalHttpConnection: INFO	: Response Status 	: 200
[28-03-2016 12:39:36] PayPal\Core\PayPalHttpConnection: INFO	: POST https://api.sandbox.paypal.com/v1/payments/payment
[28-03-2016 12:39:39] PayPal\Core\PayPalHttpConnection: INFO	: Response Status 	: 201
[28-03-2016 12:48:47] PayPal\Core\PayPalHttpConnection: INFO	: POST https://api.sandbox.paypal.com/v1/oauth2/token
[28-03-2016 12:48:48] PayPal\Core\PayPalHttpConnection: INFO	: Response Status 	: 200
[28-03-2016 12:48:48] PayPal\Core\PayPalHttpConnection: INFO	: GET https://api.sandbox.paypal.com/v1/payments/payment?count=1&start_index=0
[28-03-2016 12:48:49] PayPal\Core\PayPalHttpConnection: INFO	: Response Status 	: 200
[28-03-2016 12:50:50] PayPal\Core\PayPalHttpConnection: INFO	: POST https://api.sandbox.paypal.com/v1/oauth2/token
[28-03-2016 12:50:51] PayPal\Core\PayPalHttpConnection: INFO	: Response Status 	: 200
[28-03-2016 12:50:51] PayPal\Core\PayPalHttpConnection: INFO	: POST https://api.sandbox.paypal.com/v1/payments/payment
[28-03-2016 12:50:53] PayPal\Core\PayPalHttpConnection: INFO	: Response Status 	: 201
[28-03-2016 12:50:55] PayPal\Core\PayPalHttpConnection: INFO	: POST https://api.sandbox.paypal.com/v1/oauth2/token
[28-03-2016 12:50:56] PayPal\Core\PayPalHttpConnection: INFO	: Response Status 	: 200
[28-03-2016 12:50:56] PayPal\Core\PayPalHttpConnection: INFO	: POST https://api.sandbox.paypal.com/v1/payments/payment
[28-03-2016 12:50:57] PayPal\Core\PayPalHttpConnection: INFO	: Response Status 	: 201
[28-03-2016 12:51:02] PayPal\Core\PayPalHttpConnection: INFO	: POST https://api.sandbox.paypal.com/v1/oauth2/token
[28-03-2016 12:51:03] PayPal\Core\PayPalHttpConnection: INFO	: Response Status 	: 200
[28-03-2016 12:51:03] PayPal\Core\PayPalHttpConnection: INFO	: POST https://api.sandbox.paypal.com/v1/payments/payment
[28-03-2016 12:51:05] PayPal\Core\PayPalHttpConnection: INFO	: POST https://api.sandbox.paypal.com/v1/oauth2/token
[28-03-2016 12:51:05] PayPal\Core\PayPalHttpConnection: INFO	: Response Status 	: 201
[28-03-2016 12:51:06] PayPal\Core\PayPalHttpConnection: INFO	: Response Status 	: 200
[28-03-2016 12:51:06] PayPal\Core\PayPalHttpConnection: INFO	: POST https://api.sandbox.paypal.com/v1/payments/payment
[28-03-2016 12:51:10] PayPal\Core\PayPalHttpConnection: INFO	: Response Status 	: 201
[28-03-2016 12:53:06] PayPal\Core\PayPalHttpConnection: INFO	: POST https://api.sandbox.paypal.com/v1/oauth2/token
[28-03-2016 12:53:07] PayPal\Core\PayPalHttpConnection: INFO	: Response Status 	: 200
[28-03-2016 12:53:07] PayPal\Core\PayPalHttpConnection: INFO	: GET https://api.sandbox.paypal.com/v1/payments/payment?count=1&start_index=0
[28-03-2016 12:53:09] PayPal\Core\PayPalHttpConnection: INFO	: Response Status 	: 200
[28-03-2016 12:57:40] PayPal\Core\PayPalHttpConnection: INFO	: POST https://api.sandbox.paypal.com/v1/oauth2/token
[28-03-2016 12:57:41] PayPal\Core\PayPalHttpConnection: INFO	: Response Status 	: 200
[28-03-2016 12:57:41] PayPal\Core\PayPalHttpConnection: INFO	: POST https://api.sandbox.paypal.com/v1/payments/payment
[28-03-2016 12:57:43] PayPal\Core\PayPalHttpConnection: INFO	: Response Status 	: 201
[28-03-2016 01:12:33] PayPal\Core\PayPalHttpConnection: INFO	: POST https://api.sandbox.paypal.com/v1/oauth2/token
[28-03-2016 01:12:35] PayPal\Core\PayPalHttpConnection: INFO	: Response Status 	: 200
[28-03-2016 01:12:35] PayPal\Core\PayPalHttpConnection: INFO	: POST https://api.sandbox.paypal.com/v1/payments/payment
[28-03-2016 01:12:36] PayPal\Core\PayPalHttpConnection: INFO	: Response Status 	: 201
[28-03-2016 01:13:24] PayPal\Core\PayPalHttpConnection: INFO	: POST https://api.sandbox.paypal.com/v1/oauth2/token
[28-03-2016 01:13:25] PayPal\Core\PayPalHttpConnection: INFO	: Response Status 	: 200
[28-03-2016 01:13:25] PayPal\Core\PayPalHttpConnection: INFO	: POST https://api.sandbox.paypal.com/v1/payments/payment
[28-03-2016 01:13:27] PayPal\Core\PayPalHttpConnection: INFO	: Response Status 	: 201
[28-03-2016 01:20:57] PayPal\Core\PayPalHttpConnection: INFO	: POST https://api.sandbox.paypal.com/v1/oauth2/token
[28-03-2016 01:20:58] PayPal\Core\PayPalHttpConnection: INFO	: Response Status 	: 200
[28-03-2016 01:20:58] PayPal\Core\PayPalHttpConnection: INFO	: GET https://api.sandbox.paypal.com/v1/payments/payment?count=1&start_index=0
[28-03-2016 01:21:00] PayPal\Core\PayPalHttpConnection: INFO	: Response Status 	: 200
[28-03-2016 01:26:11] PayPal\Core\PayPalHttpConnection: INFO	: POST https://api.sandbox.paypal.com/v1/oauth2/token
[28-03-2016 01:26:13] PayPal\Core\PayPalHttpConnection: INFO	: Response Status 	: 200
[28-03-2016 01:26:13] PayPal\Core\PayPalHttpConnection: INFO	: GET https://api.sandbox.paypal.com/v1/payments/payment/PAY-1VD42285P6196705BK34S4BI
[28-03-2016 01:26:14] PayPal\Core\PayPalHttpConnection: INFO	: Response Status 	: 200
[28-03-2016 01:26:45] PayPal\Core\PayPalHttpConnection: INFO	: POST https://api.sandbox.paypal.com/v1/oauth2/token
[28-03-2016 01:26:46] PayPal\Core\PayPalHttpConnection: INFO	: Response Status 	: 200
[28-03-2016 01:26:46] PayPal\Core\PayPalHttpConnection: INFO	: GET https://api.sandbox.paypal.com/v1/payments/payment/PAY-1VD42285P6196705BK34S4BI
[28-03-2016 01:26:47] PayPal\Core\PayPalHttpConnection: INFO	: Response Status 	: 200
[28-03-2016 01:32:26] PayPal\Core\PayPalHttpConnection: INFO	: POST https://api.sandbox.paypal.com/v1/oauth2/token
[28-03-2016 01:32:27] PayPal\Core\PayPalHttpConnection: INFO	: Response Status 	: 200
[28-03-2016 01:32:27] PayPal\Core\PayPalHttpConnection: INFO	: GET https://api.sandbox.paypal.com/v1/payments/payment/PAY-1VD42285P6196705BK34S4BI
[28-03-2016 01:32:28] PayPal\Core\PayPalHttpConnection: INFO	: Response Status 	: 200
[28-03-2016 01:32:29] PayPal\Core\PayPalHttpConnection: INFO	: POST https://api.sandbox.paypal.com/v1/payments/payment/PAY-1VD42285P6196705BK34S4BI/execute
[28-03-2016 01:32:32] PayPal\Core\PayPalHttpConnection: INFO	: Response Status 	: 200
[28-03-2016 01:36:45] PayPal\Core\PayPalHttpConnection: INFO	: POST https://api.sandbox.paypal.com/v1/oauth2/token
[28-03-2016 01:36:46] PayPal\Core\PayPalHttpConnection: INFO	: Response Status 	: 200
[28-03-2016 01:36:46] PayPal\Core\PayPalHttpConnection: INFO	: GET https://api.sandbox.paypal.com/v1/payments/payment/PAY-1VD42285P6196705BK34S4BI
[28-03-2016 01:36:47] PayPal\Core\PayPalHttpConnection: INFO	: Response Status 	: 200
[28-03-2016 01:36:47] PayPal\Core\PayPalHttpConnection: INFO	: POST https://api.sandbox.paypal.com/v1/payments/payment/PAY-1VD42285P6196705BK34S4BI/execute
[28-03-2016 01:36:50] PayPal\Core\PayPalHttpConnection: INFO	: Response Status 	: 400
[28-03-2016 01:36:50] PayPal\Core\PayPalHttpConnection: ERROR	: Got Http response code 400 when accessing https://api.sandbox.paypal.com/v1/payments/payment/PAY-1VD42285P6196705BK34S4BI/execute. {"name":"PAYMENT_ALREADY_DONE","message":"Payment has been done already for this cart.","information_link":"https://developer.paypal.com/docs/api/#PAYMENT_ALREADY_DONE","debug_id":"1f77f1d886a9e"}
[28-03-2016 01:37:26] PayPal\Core\PayPalHttpConnection: INFO	: POST https://api.sandbox.paypal.com/v1/oauth2/token
[28-03-2016 01:37:27] PayPal\Core\PayPalHttpConnection: INFO	: Response Status 	: 200
[28-03-2016 01:37:27] PayPal\Core\PayPalHttpConnection: INFO	: GET https://api.sandbox.paypal.com/v1/payments/payment/PAY-1VD42285P6196705BK34S4BI
[28-03-2016 01:37:28] PayPal\Core\PayPalHttpConnection: INFO	: Response Status 	: 200
[28-03-2016 01:38:25] PayPal\Core\PayPalHttpConnection: INFO	: POST https://api.sandbox.paypal.com/v1/oauth2/token
[28-03-2016 01:38:26] PayPal\Core\PayPalHttpConnection: INFO	: Response Status 	: 200
[28-03-2016 01:38:26] PayPal\Core\PayPalHttpConnection: INFO	: GET https://api.sandbox.paypal.com/v1/payments/payment/PAY-1VD42285P6196705BK34S4BI
[28-03-2016 01:38:27] PayPal\Core\PayPalHttpConnection: INFO	: Response Status 	: 200
[28-03-2016 01:38:48] PayPal\Core\PayPalHttpConnection: INFO	: POST https://api.sandbox.paypal.com/v1/oauth2/token
[28-03-2016 01:38:49] PayPal\Core\PayPalHttpConnection: INFO	: Response Status 	: 200
[28-03-2016 01:38:49] PayPal\Core\PayPalHttpConnection: INFO	: GET https://api.sandbox.paypal.com/v1/payments/payment/PAY-1VD42285P6196705BK34S4BI
[28-03-2016 01:38:50] PayPal\Core\PayPalHttpConnection: INFO	: Response Status 	: 200
[28-03-2016 01:40:19] PayPal\Core\PayPalHttpConnection: INFO	: POST https://api.sandbox.paypal.com/v1/oauth2/token
[28-03-2016 01:40:20] PayPal\Core\PayPalHttpConnection: INFO	: Response Status 	: 200
[28-03-2016 01:40:20] PayPal\Core\PayPalHttpConnection: INFO	: GET https://api.sandbox.paypal.com/v1/payments/payment/PAY-1VD42285P6196705BK34S4BI
[28-03-2016 01:40:22] PayPal\Core\PayPalHttpConnection: INFO	: Response Status 	: 200
[28-03-2016 01:43:17] PayPal\Core\PayPalHttpConnection: INFO	: POST https://api.sandbox.paypal.com/v1/oauth2/token
[28-03-2016 01:43:18] PayPal\Core\PayPalHttpConnection: INFO	: Response Status 	: 200
[28-03-2016 01:43:18] PayPal\Core\PayPalHttpConnection: INFO	: GET https://api.sandbox.paypal.com/v1/payments/payment/PAY-1VD42285P6196705BK34S4BI
[28-03-2016 01:43:19] PayPal\Core\PayPalHttpConnection: INFO	: Response Status 	: 200
[28-03-2016 01:43:20] PayPal\Core\PayPalHttpConnection: INFO	: POST https://api.sandbox.paypal.com/v1/payments/payment/PAY-1VD42285P6196705BK34S4BI/execute
[28-03-2016 01:43:21] PayPal\Core\PayPalHttpConnection: INFO	: Response Status 	: 400
[28-03-2016 01:43:21] PayPal\Core\PayPalHttpConnection: ERROR	: Got Http response code 400 when accessing https://api.sandbox.paypal.com/v1/payments/payment/PAY-1VD42285P6196705BK34S4BI/execute. {"name":"PAYMENT_ALREADY_DONE","message":"Payment has been done already for this cart.","information_link":"https://developer.paypal.com/docs/api/#PAYMENT_ALREADY_DONE","debug_id":"727e4a90d7a29"}
[28-03-2016 01:44:19] PayPal\Core\PayPalHttpConnection: INFO	: POST https://api.sandbox.paypal.com/v1/oauth2/token
[28-03-2016 01:44:20] PayPal\Core\PayPalHttpConnection: INFO	: Response Status 	: 200
[28-03-2016 01:44:20] PayPal\Core\PayPalHttpConnection: INFO	: GET https://api.sandbox.paypal.com/v1/payments/payment/PAY-1VD42285P6196705BK34S4BI
[28-03-2016 01:44:21] PayPal\Core\PayPalHttpConnection: INFO	: Response Status 	: 200
[28-03-2016 01:44:21] PayPal\Core\PayPalHttpConnection: INFO	: POST https://api.sandbox.paypal.com/v1/payments/payment/PAY-1VD42285P6196705BK34S4BI/execute
[28-03-2016 01:44:23] PayPal\Core\PayPalHttpConnection: INFO	: Response Status 	: 400
[28-03-2016 01:44:23] PayPal\Core\PayPalHttpConnection: ERROR	: Got Http response code 400 when accessing https://api.sandbox.paypal.com/v1/payments/payment/PAY-1VD42285P6196705BK34S4BI/execute. {"name":"PAYMENT_ALREADY_DONE","message":"Payment has been done already for this cart.","information_link":"https://developer.paypal.com/docs/api/#PAYMENT_ALREADY_DONE","debug_id":"115c57dbac586"}
[28-03-2016 01:45:31] PayPal\Core\PayPalHttpConnection: INFO	: POST https://api.sandbox.paypal.com/v1/oauth2/token
[28-03-2016 01:45:32] PayPal\Core\PayPalHttpConnection: INFO	: Response Status 	: 200
[28-03-2016 01:45:32] PayPal\Core\PayPalHttpConnection: INFO	: GET https://api.sandbox.paypal.com/v1/payments/payment/PAY-1VD42285P6196705BK34S4BI
[28-03-2016 01:45:34] PayPal\Core\PayPalHttpConnection: INFO	: Response Status 	: 200
[28-03-2016 01:45:45] PayPal\Core\PayPalHttpConnection: INFO	: POST https://api.sandbox.paypal.com/v1/oauth2/token
[28-03-2016 01:45:46] PayPal\Core\PayPalHttpConnection: INFO	: Response Status 	: 200
[28-03-2016 01:45:46] PayPal\Core\PayPalHttpConnection: INFO	: GET https://api.sandbox.paypal.com/v1/payments/payment/PAY-1VD42285P6196705BK34S4BI
[28-03-2016 01:45:47] PayPal\Core\PayPalHttpConnection: INFO	: Response Status 	: 200
[28-03-2016 01:46:08] PayPal\Core\PayPalHttpConnection: INFO	: POST https://api.sandbox.paypal.com/v1/oauth2/token
[28-03-2016 01:46:09] PayPal\Core\PayPalHttpConnection: INFO	: Response Status 	: 200
[28-03-2016 01:46:09] PayPal\Core\PayPalHttpConnection: INFO	: GET https://api.sandbox.paypal.com/v1/payments/payment/PAY-1VD42285P6196705BK34S4BI
[28-03-2016 01:46:10] PayPal\Core\PayPalHttpConnection: INFO	: Response Status 	: 200
[28-03-2016 01:47:06] PayPal\Core\PayPalHttpConnection: INFO	: POST https://api.sandbox.paypal.com/v1/oauth2/token
[28-03-2016 01:47:07] PayPal\Core\PayPalHttpConnection: INFO	: Response Status 	: 200
[28-03-2016 01:47:07] PayPal\Core\PayPalHttpConnection: INFO	: GET https://api.sandbox.paypal.com/v1/payments/payment/PAY-1VD42285P6196705BK34S4BI
[28-03-2016 01:47:09] PayPal\Core\PayPalHttpConnection: INFO	: Response Status 	: 200
[28-03-2016 01:47:26] PayPal\Core\PayPalHttpConnection: INFO	: POST https://api.sandbox.paypal.com/v1/oauth2/token
[28-03-2016 01:47:28] PayPal\Core\PayPalHttpConnection: INFO	: Response Status 	: 200
[28-03-2016 01:47:28] PayPal\Core\PayPalHttpConnection: INFO	: GET https://api.sandbox.paypal.com/v1/payments/payment/PAY-1VD42285P6196705BK34S4BI
[28-03-2016 01:47:29] PayPal\Core\PayPalHttpConnection: INFO	: Response Status 	: 200
[28-03-2016 01:47:55] PayPal\Core\PayPalHttpConnection: INFO	: POST https://api.sandbox.paypal.com/v1/oauth2/token
[28-03-2016 01:47:56] PayPal\Core\PayPalHttpConnection: INFO	: Response Status 	: 200
[28-03-2016 01:47:56] PayPal\Core\PayPalHttpConnection: INFO	: GET https://api.sandbox.paypal.com/v1/payments/payment/PAY-1VD42285P6196705BK34S4BI
[28-03-2016 01:47:57] PayPal\Core\PayPalHttpConnection: INFO	: Response Status 	: 200
[28-03-2016 01:48:10] PayPal\Core\PayPalHttpConnection: INFO	: POST https://api.sandbox.paypal.com/v1/oauth2/token
[28-03-2016 01:48:11] PayPal\Core\PayPalHttpConnection: INFO	: Response Status 	: 200
[28-03-2016 01:48:11] PayPal\Core\PayPalHttpConnection: INFO	: GET https://api.sandbox.paypal.com/v1/payments/payment/PAY-1VD42285P6196705BK34S4BI
[28-03-2016 01:48:12] PayPal\Core\PayPalHttpConnection: INFO	: Response Status 	: 200
[28-03-2016 01:48:44] PayPal\Core\PayPalHttpConnection: INFO	: POST https://api.sandbox.paypal.com/v1/oauth2/token
[28-03-2016 01:48:45] PayPal\Core\PayPalHttpConnection: INFO	: Response Status 	: 200
[28-03-2016 01:48:45] PayPal\Core\PayPalHttpConnection: INFO	: GET https://api.sandbox.paypal.com/v1/payments/payment/PAY-1VD42285P6196705BK34S4BI
[28-03-2016 01:48:47] PayPal\Core\PayPalHttpConnection: INFO	: Response Status 	: 200
[28-03-2016 01:49:00] PayPal\Core\PayPalHttpConnection: INFO	: POST https://api.sandbox.paypal.com/v1/oauth2/token
[28-03-2016 01:49:01] PayPal\Core\PayPalHttpConnection: INFO	: Response Status 	: 200
[28-03-2016 01:49:01] PayPal\Core\PayPalHttpConnection: INFO	: GET https://api.sandbox.paypal.com/v1/payments/payment/PAY-1VD42285P6196705BK34S4BI
[28-03-2016 01:49:03] PayPal\Core\PayPalHttpConnection: INFO	: Response Status 	: 200
[28-03-2016 01:49:25] PayPal\Core\PayPalHttpConnection: INFO	: POST https://api.sandbox.paypal.com/v1/oauth2/token
[28-03-2016 01:49:26] PayPal\Core\PayPalHttpConnection: INFO	: Response Status 	: 200
[28-03-2016 01:49:26] PayPal\Core\PayPalHttpConnection: INFO	: GET https://api.sandbox.paypal.com/v1/payments/payment/PAY-1VD42285P6196705BK34S4BI
[28-03-2016 01:49:28] PayPal\Core\PayPalHttpConnection: INFO	: Response Status 	: 200
[28-03-2016 01:49:50] PayPal\Core\PayPalHttpConnection: INFO	: POST https://api.sandbox.paypal.com/v1/oauth2/token
[28-03-2016 01:49:51] PayPal\Core\PayPalHttpConnection: INFO	: Response Status 	: 200
[28-03-2016 01:49:51] PayPal\Core\PayPalHttpConnection: INFO	: GET https://api.sandbox.paypal.com/v1/payments/payment/PAY-1VD42285P6196705BK34S4BI
[28-03-2016 01:49:52] PayPal\Core\PayPalHttpConnection: INFO	: Response Status 	: 200
[28-03-2016 01:50:04] PayPal\Core\PayPalHttpConnection: INFO	: POST https://api.sandbox.paypal.com/v1/oauth2/token
[28-03-2016 01:50:05] PayPal\Core\PayPalHttpConnection: INFO	: Response Status 	: 200
[28-03-2016 01:50:05] PayPal\Core\PayPalHttpConnection: INFO	: GET https://api.sandbox.paypal.com/v1/payments/payment/PAY-1VD42285P6196705BK34S4BI
[28-03-2016 01:50:06] PayPal\Core\PayPalHttpConnection: INFO	: Response Status 	: 200
[28-03-2016 01:50:26] PayPal\Core\PayPalHttpConnection: INFO	: POST https://api.sandbox.paypal.com/v1/oauth2/token
[28-03-2016 01:50:27] PayPal\Core\PayPalHttpConnection: INFO	: Response Status 	: 200
[28-03-2016 01:50:27] PayPal\Core\PayPalHttpConnection: INFO	: GET https://api.sandbox.paypal.com/v1/payments/payment/PAY-1VD42285P6196705BK34S4BI
[28-03-2016 01:50:28] PayPal\Core\PayPalHttpConnection: INFO	: Response Status 	: 200
[28-03-2016 01:50:55] PayPal\Core\PayPalHttpConnection: INFO	: POST https://api.sandbox.paypal.com/v1/oauth2/token
[28-03-2016 01:50:56] PayPal\Core\PayPalHttpConnection: INFO	: Response Status 	: 200
[28-03-2016 01:50:57] PayPal\Core\PayPalHttpConnection: INFO	: GET https://api.sandbox.paypal.com/v1/payments/payment/PAY-1VD42285P6196705BK34S4BI
[28-03-2016 01:50:58] PayPal\Core\PayPalHttpConnection: INFO	: Response Status 	: 200
[28-03-2016 01:52:43] PayPal\Core\PayPalHttpConnection: INFO	: POST https://api.sandbox.paypal.com/v1/oauth2/token
[28-03-2016 01:52:44] PayPal\Core\PayPalHttpConnection: INFO	: Response Status 	: 200
[28-03-2016 01:52:44] PayPal\Core\PayPalHttpConnection: INFO	: GET https://api.sandbox.paypal.com/v1/payments/payment/PAY-1VD42285P6196705BK34S4BI
[28-03-2016 01:52:47] PayPal\Core\PayPalHttpConnection: INFO	: Response Status 	: 200
[28-03-2016 01:56:23] PayPal\Core\PayPalHttpConnection: INFO	: POST https://api.sandbox.paypal.com/v1/oauth2/token
[28-03-2016 01:56:24] PayPal\Core\PayPalHttpConnection: INFO	: Response Status 	: 200
[28-03-2016 01:56:24] PayPal\Core\PayPalHttpConnection: INFO	: GET https://api.sandbox.paypal.com/v1/payments/payment/PAY-1VD42285P6196705BK34S4BI
[28-03-2016 01:56:25] PayPal\Core\PayPalHttpConnection: INFO	: Response Status 	: 200
